<?xml version="1.0" encoding="UTF-8"?>
<testng-results ignored="0" total="2" passed="2" failed="0" skipped="0">
  <reporter-output>
  </reporter-output>
  <suite started-at="2024-10-29T15:34:12 IST" name="Default suite" finished-at="2024-10-29T15:34:14 IST" duration-ms="2444">
    <groups>
    </groups>
    <test started-at="2024-10-29T15:34:12 IST" name="Default test" finished-at="2024-10-29T15:34:14 IST" duration-ms="2444">
      <class name="Extentreport.openbrowsers">
        <test-method is-config="true" signature="openbrowser()[pri:0, instance:Extentreport.openbrowsers@72967906]" started-at="2024-10-29T15:34:10 IST" name="openbrowser" finished-at="2024-10-29T15:34:12 IST" duration-ms="1768" status="PASS">
          <reporter-output>
          </reporter-output>
        </test-method> <!-- openbrowser -->
        <test-method signature="openbing()[pri:0, instance:Extentreport.openbrowsers@72967906]" started-at="2024-10-29T15:34:12 IST" name="openbing" finished-at="2024-10-29T15:34:13 IST" duration-ms="1390" status="PASS">
          <reporter-output>
          </reporter-output>
        </test-method> <!-- openbing -->
        <test-method signature="opengoogle()[pri:0, instance:Extentreport.openbrowsers@72967906]" started-at="2024-10-29T15:34:13 IST" name="opengoogle" finished-at="2024-10-29T15:34:14 IST" duration-ms="1010" status="PASS">
          <reporter-output>
          </reporter-output>
        </test-method> <!-- opengoogle -->
        <test-method is-config="true" signature="closebrowser()[pri:0, instance:Extentreport.openbrowsers@72967906]" started-at="2024-10-29T15:34:14 IST" name="closebrowser" finished-at="2024-10-29T15:34:15 IST" duration-ms="568" status="PASS">
          <reporter-output>
          </reporter-output>
        </test-method> <!-- closebrowser -->
      </class> <!-- Extentreport.openbrowsers -->
    </test> <!-- Default test -->
  </suite> <!-- Default suite -->
</testng-results>
